{
  "stats": {
    "suites": 1,
    "tests": 5,
    "passes": 5,
    "pending": 0,
    "failures": 0,
    "start": "2025-02-13T20:08:50.226Z",
    "end": "2025-02-13T20:09:01.653Z",
    "duration": 11427,
    "testsRegistered": 5,
    "passPercent": 100,
    "pendingPercent": 0,
    "other": 0,
    "hasOther": false,
    "skipped": 0,
    "hasSkipped": false
  },
  "results": [
    {
      "uuid": "bf02483b-1e5b-4039-9d44-b589b9005ebd",
      "title": "",
      "fullFile": "cypress\\e2e\\login.cy.js",
      "file": "cypress\\e2e\\login.cy.js",
      "beforeHooks": [],
      "afterHooks": [],
      "tests": [],
      "suites": [
        {
          "uuid": "bb979363-0c54-4013-90b2-16dfb3522dc0",
          "title": "Login",
          "fullFile": "",
          "file": "",
          "beforeHooks": [],
          "afterHooks": [],
          "tests": [
            {
              "title": "Login com sucesso",
              "fullTitle": "Login Login com sucesso",
              "timedOut": null,
              "duration": 5909,
              "state": "passed",
              "speed": "medium",
              "pass": true,
              "fail": false,
              "pending": false,
              "context": null,
              "code": "const user = _loginData.default.admin;\n_loginPage.default.login(user);\n_loginPage.default.messageSuccess();",
              "err": {},
              "uuid": "2227e4fb-9956-40dc-81c4-de24150d190c",
              "parentUUID": "bb979363-0c54-4013-90b2-16dfb3522dc0",
              "isHook": false,
              "skipped": false
            },
            {
              "title": "Tentativa de login com usuário invalido",
              "fullTitle": "Login Tentativa de login com usuário invalido",
              "timedOut": null,
              "duration": 1594,
              "state": "passed",
              "speed": "fast",
              "pass": true,
              "fail": false,
              "pending": false,
              "context": null,
              "code": "const user = _loginData.default.user_invalid;\n_loginPage.default.login(user);\n_loginPage.default.messageInvalid();",
              "err": {},
              "uuid": "6dd5bfbe-0bb2-425d-80a7-f4ada4b0d450",
              "parentUUID": "bb979363-0c54-4013-90b2-16dfb3522dc0",
              "isHook": false,
              "skipped": false
            },
            {
              "title": "Tentativa de login com cpf em branco",
              "fullTitle": "Login Tentativa de login com cpf em branco",
              "timedOut": null,
              "duration": 1133,
              "state": "passed",
              "speed": "fast",
              "pass": true,
              "fail": false,
              "pending": false,
              "context": null,
              "code": "const user = _loginData.default.cpf_empty;\n_loginPage.default.login(user);\n_loginPage.default.messageInvalid();",
              "err": {},
              "uuid": "85a623b2-3b9e-4519-b95e-fed582fca970",
              "parentUUID": "bb979363-0c54-4013-90b2-16dfb3522dc0",
              "isHook": false,
              "skipped": false
            },
            {
              "title": "Tentativa de login com senha em branco",
              "fullTitle": "Login Tentativa de login com senha em branco",
              "timedOut": null,
              "duration": 1174,
              "state": "passed",
              "speed": "fast",
              "pass": true,
              "fail": false,
              "pending": false,
              "context": null,
              "code": "const user = _loginData.default.password_empty;\n_loginPage.default.login(user);\n_loginPage.default.messageInvalid();",
              "err": {},
              "uuid": "93d8233b-7e4c-4620-be1e-46d4724d4c37",
              "parentUUID": "bb979363-0c54-4013-90b2-16dfb3522dc0",
              "isHook": false,
              "skipped": false
            },
            {
              "title": "Validação de botão Entrar com campos vazios",
              "fullTitle": "Login Validação de botão Entrar com campos vazios",
              "timedOut": null,
              "duration": 263,
              "state": "passed",
              "speed": "fast",
              "pass": true,
              "fail": false,
              "pending": false,
              "context": null,
              "code": "const user = _loginData.default.user_empty;\n_loginPage.default.go();\n_loginPage.default.fill(user);\n_loginPage.default.btnLoginDisabled();",
              "err": {},
              "uuid": "de797d05-7ff3-4969-a210-9e3e98078cf2",
              "parentUUID": "bb979363-0c54-4013-90b2-16dfb3522dc0",
              "isHook": false,
              "skipped": false
            }
          ],
          "suites": [],
          "passes": [
            "2227e4fb-9956-40dc-81c4-de24150d190c",
            "6dd5bfbe-0bb2-425d-80a7-f4ada4b0d450",
            "85a623b2-3b9e-4519-b95e-fed582fca970",
            "93d8233b-7e4c-4620-be1e-46d4724d4c37",
            "de797d05-7ff3-4969-a210-9e3e98078cf2"
          ],
          "failures": [],
          "pending": [],
          "skipped": [],
          "duration": 10073,
          "root": false,
          "rootEmpty": false,
          "_timeout": 2000
        }
      ],
      "passes": [],
      "failures": [],
      "pending": [],
      "skipped": [],
      "duration": 0,
      "root": true,
      "rootEmpty": true,
      "_timeout": 2000
    }
  ],
  "meta": {
    "mocha": {
      "version": "7.0.1"
    },
    "mochawesome": {
      "options": {
        "quiet": false,
        "reportFilename": "mochawesome",
        "saveHtml": false,
        "saveJson": true,
        "consoleReporter": "spec",
        "useInlineDiffs": false,
        "code": true
      },
      "version": "7.1.3"
    },
    "marge": {
      "options": {
        "overwrite": false,
        "html": false,
        "json": true,
        "reportDir": "cypress\\reports\\html\\.jsons"
      },
      "version": "6.2.0"
    }
  }
}